TN:
SF:src\proxy.ts
FN:8,(anonymous_0)
FN:21,proxy
FNF:2
FNH:2
FNDA:12,(anonymous_0)
FNDA:16,proxy
DA:3,11
DA:5,11
DA:7,11
DA:8,12
DA:11,11
DA:22,16
DA:23,16
DA:26,16
DA:28,16
DA:29,1
DA:34,15
DA:35,15
DA:36,15
DA:39,16
DA:40,65
DA:41,16
DA:44,11
LF:17
LH:17
BRDA:8,0,0,11
BRDA:8,0,1,7
BRDA:16,1,0,11
BRDA:16,1,1,1
BRDA:23,2,0,1
BRDA:23,2,1,15
BRDA:23,3,0,16
BRDA:23,3,1,5
BRDA:28,4,0,1
BRDA:28,4,1,15
BRDA:28,5,0,16
BRDA:28,5,1,4
BRDA:28,5,2,3
BRF:13
BRH:13
end_of_record
TN:
SF:src\lib\site.ts
FN:10,siteUrl
FNF:1
FNH:1
FNDA:6,siteUrl
DA:1,1
DA:11,6
DA:12,6
DA:15,4
DA:16,6
LF:5
LH:5
BRDA:12,0,0,2
BRDA:12,0,1,4
BRDA:15,1,0,4
BRDA:15,1,1,3
BRDA:16,2,0,2
BRDA:16,2,1,2
BRF:6
BRH:6
end_of_record
TN:
SF:src\lib\team.ts
FN:63,getPool
FN:87,loadTeamData
FN:101,getTeamData
FN:107,(anonymous_3)
FN:113,(anonymous_4)
FN:116,(anonymous_5)
FN:122,findTeamMember
FN:129,(anonymous_7)
FN:132,(anonymous_8)
FNF:9
FNH:9
FNDA:12,getPool
FNDA:12,loadTeamData
FNDA:14,getTeamData
FNDA:2,(anonymous_3)
FNDA:20,(anonymous_4)
FNDA:23,(anonymous_5)
FNDA:15,findTeamMember
FNDA:18,(anonymous_7)
FNDA:5,(anonymous_8)
DA:53,11
DA:58,11
DA:59,11
DA:61,11
DA:64,12
DA:65,11
DA:67,11
DA:68,1
DA:70,10
DA:83,11
DA:88,12
DA:93,10
DA:94,10
DA:95,28
DA:96,1
DA:98,10
DA:102,14
DA:104,12
DA:105,12
DA:107,12
DA:108,2
DA:110,12
DA:113,11
DA:114,20
DA:116,23
DA:123,15
DA:124,15
DA:126,14
DA:127,12
DA:129,18
DA:130,15
DA:131,15
DA:132,5
DA:133,4
DA:135,12
DA:137,10
DA:138,10
DA:139,50
DA:142,10
DA:143,10
LF:40
LH:40
BRDA:64,0,0,11
BRDA:64,0,1,1
BRDA:67,1,0,1
BRDA:67,1,1,10
BRDA:67,2,0,11
BRDA:67,2,1,10
BRDA:67,2,2,10
BRDA:74,3,0,10
BRDA:74,3,1,10
BRDA:102,4,0,2
BRDA:102,4,1,12
BRDA:102,5,0,14
BRDA:102,5,1,2
BRDA:108,6,0,2
BRDA:108,6,1,0
BRDA:114,7,0,20
BRDA:114,7,1,0
BRDA:114,8,0,20
BRDA:114,8,1,20
BRDA:116,9,0,23
BRDA:116,9,1,0
BRDA:124,10,0,1
BRDA:124,10,1,14
BRDA:127,11,0,11
BRDA:127,11,1,1
BRDA:131,12,0,4
BRDA:131,12,1,11
BRDA:133,13,0,2
BRDA:133,13,1,2
BRDA:133,14,0,2
BRDA:133,14,1,0
BRDA:135,15,0,2
BRDA:135,15,1,10
BRDA:139,16,0,40
BRDA:139,16,1,10
BRDA:146,17,0,10
BRDA:146,17,1,5
BRDA:147,18,0,15
BRDA:147,18,1,5
BRF:39
BRH:35
end_of_record
TN:
SF:src\server\env.ts
FN:5,(anonymous_0)
FN:5,(anonymous_1)
FN:35,(anonymous_2)
FN:54,parseEnv
FN:56,(anonymous_4)
FN:67,getEnv
FNF:6
FNH:6
FNDA:1,(anonymous_0)
FNDA:3,(anonymous_1)
FNDA:21,(anonymous_2)
FNDA:22,parseEnv
FNDA:1450,(anonymous_4)
FNDA:11,getEnv
DA:3,12
DA:5,12
DA:8,12
DA:10,12
DA:36,21
DA:39,4
DA:40,12
DA:43,4
DA:44,8
DA:56,1450
DA:57,22
DA:58,22
DA:59,5
DA:61,17
DA:68,11
DA:69,11
LF:16
LH:16
BRDA:36,0,0,17
BRDA:36,0,1,4
BRDA:40,1,0,3
BRDA:40,1,1,9
BRDA:44,2,0,2
BRDA:44,2,1,6
BRDA:58,3,0,5
BRDA:58,3,1,17
BRF:8
BRH:8
end_of_record
TN:
SF:src\server\db\client.ts
FN:12,getDb
FNF:1
FNH:0
FNDA:0,getDb
DA:10,0
DA:13,0
DA:14,0
DA:15,0
DA:16,0
DA:17,0
DA:19,0
LF:7
LH:0
BRDA:13,0,0,0
BRDA:13,0,1,0
BRDA:15,1,0,0
BRDA:15,1,1,0
BRF:4
BRH:0
end_of_record
TN:
SF:src\server\db\connection.ts
FN:16,sslOptions
FN:22,connectionOptions
FN:26,poolOptions
FN:31,connectionFields
FNF:4
FNH:1
FNDA:10,sslOptions
FNDA:0,connectionOptions
FNDA:0,poolOptions
FNDA:0,connectionFields
DA:17,10
DA:18,1
DA:23,0
DA:27,0
DA:32,0
DA:33,0
DA:34,0
LF:7
LH:2
BRDA:17,0,0,9
BRDA:17,0,1,1
BRDA:18,1,0,1
BRDA:18,1,1,0
BRDA:36,2,0,0
BRDA:36,2,1,0
BRDA:39,3,0,0
BRDA:39,3,1,0
BRF:8
BRH:3
end_of_record
TN:
SF:src\server\db\schema\columns.ts
FN:5,(anonymous_0)
FN:7,(anonymous_1)
FN:9,(anonymous_2)
FN:10,(anonymous_3)
FN:13,(anonymous_4)
FNF:5
FNH:4
FNDA:9,(anonymous_0)
FNDA:2,(anonymous_1)
FNDA:3,(anonymous_2)
FNDA:0,(anonymous_3)
FNDA:1,(anonymous_4)
DA:5,9
DA:7,2
DA:9,1
DA:10,3
DA:13,1
LF:5
LH:5
BRF:0
BRH:0
end_of_record
TN:
SF:src\server\db\schema\index.ts
FNF:0
FNH:0
LF:0
LH:0
BRF:0
BRH:0
end_of_record
TN:
SF:src\server\db\schema\members.ts
FN:26,(anonymous_0)
FN:34,(anonymous_1)
FN:39,(anonymous_2)
FN:55,(anonymous_3)
FNF:4
FNH:0
FNDA:0,(anonymous_0)
FNDA:0,(anonymous_1)
FNDA:0,(anonymous_2)
FNDA:0,(anonymous_3)
DA:7,1
DA:26,0
DA:32,1
DA:34,0
DA:38,1
DA:39,0
DA:54,1
DA:55,0
LF:8
LH:4
BRF:0
BRH:0
end_of_record
TN:
SF:src\server\db\schema\sync.ts
FN:17,(anonymous_0)
FNF:1
FNH:0
FNDA:0,(anonymous_0)
DA:7,1
DA:17,0
LF:2
LH:1
BRF:0
BRH:0
end_of_record
TN:
SF:src\server\lib\http.ts
FN:8,constructor
FN:14,problem
FN:40,route
FN:43,(anonymous_3)
FN:60,errorResponse
FN:63,(anonymous_5)
FN:71,readQuery
FN:76,readJson
FNF:8
FNH:7
FNDA:1,constructor
FNDA:8,problem
FNDA:14,route
FNDA:136,(anonymous_3)
FNDA:6,errorResponse
FNDA:3,(anonymous_5)
FNDA:128,readQuery
FNDA:0,readJson
DA:8,1
DA:9,1
DA:21,8
DA:43,14
DA:44,136
DA:45,136
DA:48,136
DA:49,136
DA:51,6
DA:54,136
DA:55,136
DA:56,136
DA:61,6
DA:62,5
DA:63,3
DA:64,3
DA:66,2
DA:67,2
DA:72,128
DA:78,0
DA:79,0
DA:81,0
DA:83,0
LF:23
LH:19
BRDA:9,0,0,1
BRDA:9,0,1,0
BRDA:22,1,0,8
BRDA:22,1,1,3
BRDA:44,2,0,136
BRDA:44,2,1,135
BRDA:54,3,0,10
BRDA:54,3,1,126
BRDA:61,4,0,1
BRDA:61,4,1,5
BRDA:62,5,0,3
BRDA:62,5,1,2
BRF:12
BRH:11
end_of_record
TN:
SF:src\server\lib\links.ts
FN:5,isSafeLink
FNF:1
FNH:1
FNDA:109,isSafeLink
DA:6,109
DA:7,109
DA:8,109
DA:10,15
LF:4
LH:4
BRDA:7,0,0,47
BRDA:7,0,1,62
BRDA:8,1,0,109
BRDA:8,1,1,94
BRF:4
BRH:4
end_of_record
TN:
SF:src\server\lib\logger.ts
FNF:0
FNH:0
DA:6,9
LF:1
LH:1
BRDA:7,0,0,9
BRDA:7,0,1,9
BRDA:7,1,0,9
BRDA:7,1,1,0
BRF:4
BRH:3
end_of_record
TN:
SF:src\server\lib\rate-limit.ts
FN:33,constructor
FN:35,consume
FN:56,prune
FN:72,clientAddress
FN:79,rateLimitHeaders
FNF:5
FNH:5
FNDA:14,constructor
FNDA:646,consume
FNDA:492,prune
FNDA:134,clientAddress
FNDA:132,rateLimitHeaders
DA:23,9
DA:31,14
DA:33,14
DA:36,646
DA:38,646
DA:39,646
DA:40,519
DA:42,646
DA:45,646
DA:46,646
DA:47,646
DA:49,646
DA:57,492
DA:58,5396
DA:61,492
DA:62,983
DA:63,491
DA:73,134
DA:74,134
DA:75,134
DA:80,132
LF:21
LH:21
BRDA:35,0,0,646
BRDA:36,1,0,646
BRDA:39,2,0,519
BRDA:39,2,1,127
BRDA:39,3,0,646
BRDA:39,3,1,128
BRDA:47,4,0,492
BRDA:47,4,1,154
BRDA:58,5,0,1
BRDA:58,5,1,5395
BRDA:62,6,0,492
BRDA:62,6,1,491
BRDA:75,7,0,134
BRDA:75,7,1,3
BRDA:75,7,2,1
BRF:15
BRH:15
end_of_record
TN:
SF:src\server\modules\members\usernames.ts
FN:10,(anonymous_0)
FNF:1
FNH:1
FNDA:74,(anonymous_0)
DA:2,2
DA:5,2
DA:10,74
LF:3
LH:3
BRF:0
BRH:0
end_of_record
TN:
SF:src\server\modules\sync\avatar.ts
FN:16,decodedSize
FN:26,readAvatar
FNF:2
FNH:2
FNDA:2,decodedSize
FNDA:36,readAvatar
DA:3,2
DA:4,2
DA:5,2
DA:7,2
DA:8,2
DA:17,2
DA:18,2
DA:19,2
DA:27,36
DA:29,36
DA:30,18
DA:31,18
DA:32,18
DA:33,18
DA:34,2
DA:35,2
DA:36,2
DA:37,1
DA:41,18
DA:42,18
DA:44,0
DA:46,18
DA:47,16
DA:48,16
LF:24
LH:23
BRDA:18,0,0,0
BRDA:18,0,1,2
BRDA:18,1,0,0
BRDA:18,1,1,2
BRDA:29,2,0,18
BRDA:29,2,1,18
BRDA:30,3,0,0
BRDA:30,3,1,18
BRDA:32,4,0,18
BRDA:32,4,1,16
BRDA:32,4,2,0
BRDA:33,5,0,16
BRDA:33,5,1,2
BRDA:34,6,0,0
BRDA:34,6,1,2
BRDA:36,7,0,1
BRDA:36,7,1,1
BRDA:46,8,0,2
BRDA:46,8,1,16
BRDA:47,9,0,0
BRDA:47,9,1,16
BRF:21
BRH:15
end_of_record
TN:
SF:src\server\modules\sync\current.ts
FN:7,loadCurrentMembers
FN:14,(anonymous_1)
FN:24,(anonymous_2)
FNF:3
FNH:0
FNDA:0,loadCurrentMembers
FNDA:0,(anonymous_1)
FNDA:0,(anonymous_2)
DA:8,0
DA:14,0
DA:24,0
LF:3
LH:0
BRDA:24,0,0,0
BRDA:24,0,1,0
BRDA:25,1,0,0
BRDA:25,1,1,0
BRF:4
BRH:0
end_of_record
TN:
SF:src\server\modules\sync\kv-source.ts
FN:12,asText
FN:22,readKvStore
FN:31,(anonymous_2)
FNF:3
FNH:0
FNDA:0,asText
FNDA:0,readKvStore
FNDA:0,(anonymous_2)
DA:13,0
DA:14,0
DA:15,0
DA:23,0
DA:24,0
DA:27,0
DA:28,0
DA:29,0
DA:30,0
DA:31,0
DA:33,0
LF:11
LH:0
BRDA:13,0,0,0
BRDA:13,0,1,0
BRDA:14,1,0,0
BRDA:14,1,1,0
BRDA:23,2,0,0
BRDA:23,2,1,0
BRF:6
BRH:0
end_of_record
TN:
SF:src\server\modules\sync\plan.ts
FN:86,(anonymous_0)
FN:88,countBy
FN:96,findExisting
FN:111,cleanProfile
FN:112,(anonymous_4)
FN:124,(anonymous_5)
FN:127,(anonymous_6)
FN:139,avatarFor
FN:149,(anonymous_8)
FN:150,(anonymous_9)
FN:150,(anonymous_10)
FN:152,planSync
FN:163,(anonymous_12)
FN:164,(anonymous_13)
FN:175,(anonymous_14)
FN:178,(anonymous_15)
FN:179,(anonymous_16)
FN:215,(anonymous_17)
FN:227,(anonymous_18)
FN:242,(anonymous_19)
FN:243,(anonymous_20)
FN:244,(anonymous_21)
FN:245,(anonymous_22)
FN:255,(anonymous_23)
FN:257,(anonymous_24)
FN:258,(anonymous_25)
FN:260,(anonymous_26)
FN:261,(anonymous_27)
FNF:28
FNH:28
FNDA:707,(anonymous_0)
FNDA:38,countBy
FNDA:74,findExisting
FNDA:70,cleanProfile
FNDA:630,(anonymous_4)
FNDA:280,(anonymous_5)
FNDA:32,(anonymous_6)
FNDA:70,avatarFor
FNDA:34,(anonymous_8)
FNDA:170,(anonymous_9)
FNDA:2,(anonymous_10)
FNDA:19,planSync
FNDA:74,(anonymous_12)
FNDA:74,(anonymous_13)
FNDA:74,(anonymous_14)
FNDA:4,(anonymous_15)
FNDA:30,(anonymous_16)
FNDA:180,(anonymous_17)
FNDA:297,(anonymous_18)
FNDA:46,(anonymous_19)
FNDA:3,(anonymous_20)
FNDA:46,(anonymous_21)
FNDA:42,(anonymous_22)
FNDA:46,(anonymous_23)
FNDA:2,(anonymous_24)
FNDA:3,(anonymous_25)
FNDA:46,(anonymous_26)
FNDA:46,(anonymous_27)
DA:20,2
DA:22,2
DA:80,2
DA:82,2
DA:84,2
DA:86,707
DA:89,38
DA:90,38
DA:91,148
DA:93,38
DA:101,74
DA:102,74
DA:103,38
DA:105,74
DA:106,38
DA:112,70
DA:113,630
DA:114,234
DA:115,0
DA:116,0
DA:118,234
DA:119,15
DA:120,15
DA:122,219
DA:124,280
DA:126,70
DA:127,32
DA:140,70
DA:141,31
DA:142,31
DA:143,15
DA:144,15
DA:146,16
DA:149,2
DA:150,170
DA:153,19
DA:154,19
DA:155,19
DA:157,19
DA:158,19
DA:159,19
DA:160,42
DA:161,42
DA:163,74
DA:164,74
DA:165,19
DA:167,19
DA:168,0
DA:175,19
DA:176,74
DA:177,74
DA:178,74
DA:179,74
DA:181,74
DA:183,74
DA:185,74
DA:186,74
DA:187,0
DA:189,74
DA:190,73
DA:191,73
DA:192,2
DA:194,71
DA:195,1
DA:197,70
DA:198,70
DA:199,0
DA:200,0
DA:202,70
DA:204,70
DA:211,74
DA:212,74
DA:214,74
DA:215,180
DA:216,36
DA:217,36
DA:220,34
DA:221,34
DA:222,34
DA:223,3
DA:226,34
DA:227,297
DA:228,33
DA:229,1
DA:231,33
DA:232,0
DA:236,19
DA:237,42
DA:238,6
DA:242,46
DA:243,19
DA:244,46
DA:245,42
DA:246,19
DA:247,19
DA:249,19
DA:255,46
DA:257,2
DA:258,3
DA:260,46
DA:261,46
LF:101
LH:94
BRDA:91,0,0,148
BRDA:91,0,1,0
BRDA:91,1,0,148
BRDA:91,1,1,147
BRDA:101,2,0,74
BRDA:101,2,1,0
BRDA:102,3,0,36
BRDA:102,3,1,38
BRDA:103,4,0,38
BRDA:103,4,1,0
BRDA:105,5,0,0
BRDA:105,5,1,74
BRDA:105,6,0,74
BRDA:105,6,1,0
BRDA:105,6,2,0
BRDA:113,7,0,396
BRDA:113,7,1,234
BRDA:114,8,0,0
BRDA:114,8,1,234
BRDA:118,9,0,15
BRDA:118,9,1,219
BRDA:118,10,0,234
BRDA:118,10,1,141
BRDA:140,11,0,39
BRDA:140,11,1,31
BRDA:142,12,0,15
BRDA:142,12,1,16
BRDA:160,13,0,41
BRDA:160,13,1,1
BRDA:167,14,0,0
BRDA:167,14,1,19
BRDA:177,15,0,74
BRDA:177,15,1,0
BRDA:177,16,0,0
BRDA:177,16,1,0
BRDA:183,17,0,37
BRDA:183,17,1,37
BRDA:185,18,0,0
BRDA:185,18,1,74
BRDA:186,19,0,0
BRDA:186,19,1,74
BRDA:189,20,0,1
BRDA:189,20,1,73
BRDA:190,21,0,0
BRDA:190,21,1,73
BRDA:190,22,0,73
BRDA:190,22,1,0
BRDA:191,23,0,2
BRDA:191,23,1,71
BRDA:191,24,0,73
BRDA:191,24,1,73
BRDA:191,25,0,73
BRDA:191,25,1,0
BRDA:194,26,0,1
BRDA:194,26,1,70
BRDA:198,27,0,0
BRDA:198,27,1,70
BRDA:198,28,0,70
BRDA:198,28,1,33
BRDA:199,29,0,0
BRDA:199,29,1,0
BRDA:202,30,0,0
BRDA:202,30,1,70
BRDA:206,31,0,70
BRDA:206,31,1,0
BRDA:207,32,0,74
BRDA:207,32,1,25
BRDA:208,33,0,74
BRDA:208,33,1,39
BRDA:209,34,0,74
BRDA:209,34,1,55
BRDA:214,35,0,36
BRDA:214,35,1,38
BRDA:216,36,0,18
BRDA:216,36,1,18
BRDA:222,37,0,3
BRDA:222,37,1,31
BRDA:222,38,0,34
BRDA:222,38,1,32
BRDA:226,39,0,1
BRDA:226,39,1,33
BRDA:227,40,0,297
BRDA:227,40,1,211
BRDA:228,41,0,1
BRDA:228,41,1,32
BRDA:231,42,0,0
BRDA:231,42,1,33
BRDA:231,43,0,33
BRDA:231,43,1,26
BRDA:237,44,0,6
BRDA:237,44,1,36
BRDA:237,45,0,42
BRDA:237,45,1,41
BRDA:237,45,2,40
BRDA:245,46,0,42
BRDA:245,46,1,41
BRDA:266,47,0,19
BRDA:266,47,1,9
BRF:98
BRH:76
end_of_record
TN:
SF:src\server\modules\sync\report.ts
FN:5,describe
FN:30,(anonymous_1)
FN:32,formatPlan
FN:42,(anonymous_3)
FN:43,(anonymous_4)
FNF:5
FNH:0
FNDA:0,describe
FNDA:0,(anonymous_1)
FNDA:0,formatPlan
FNDA:0,(anonymous_3)
FNDA:0,(anonymous_4)
DA:6,0
DA:8,0
DA:9,0
DA:10,0
DA:13,0
DA:14,0
DA:19,0
DA:22,0
DA:24,0
DA:26,0
DA:30,0
DA:33,0
DA:34,0
DA:42,0
DA:43,0
DA:45,0
DA:46,0
DA:47,0
DA:48,0
LF:19
LH:0
BRDA:6,0,0,0
BRDA:6,0,1,0
BRDA:6,0,2,0
BRDA:6,0,3,0
BRDA:6,0,4,0
BRDA:9,1,0,0
BRDA:9,1,1,0
BRDA:9,2,0,0
BRDA:9,2,1,0
BRDA:10,3,0,0
BRDA:10,3,1,0
BRDA:10,4,0,0
BRDA:10,4,1,0
BRDA:15,5,0,0
BRDA:15,5,1,0
BRDA:17,6,0,0
BRDA:17,6,1,0
BRDA:24,7,0,0
BRDA:24,7,1,0
BRDA:38,8,0,0
BRDA:38,8,1,0
BRDA:43,9,0,0
BRDA:43,9,1,0
BRF:23
BRH:0
end_of_record
TN:
SF:src\server\modules\sync\snapshot.ts
FN:33,(anonymous_0)
FN:35,(anonymous_1)
FN:39,text
FN:45,pick
FN:54,parseJson
FN:63,parseObject
FN:69,parseSnapshot
FN:73,(anonymous_7)
FN:92,(anonymous_8)
FNF:9
FNH:9
FNDA:57,(anonymous_0)
FNDA:195,(anonymous_1)
FNDA:753,text
FNDA:151,pick
FNDA:70,parseJson
FNDA:44,parseObject
FNDA:26,parseSnapshot
FNDA:79,(anonymous_7)
FNDA:66,(anonymous_8)
DA:3,1
DA:9,1
DA:10,1
DA:11,1
DA:12,1
DA:13,1
DA:33,57
DA:35,1
DA:36,195
DA:40,753
DA:41,752
DA:42,548
DA:46,151
DA:47,151
DA:48,719
DA:49,719
DA:51,151
DA:55,70
DA:56,60
DA:57,60
DA:59,1
DA:64,44
DA:65,44
DA:66,44
DA:70,26
DA:71,26
DA:72,24
DA:73,79
DA:74,23
DA:76,22
DA:77,22
DA:78,34
DA:79,34
DA:82,22
DA:83,22
DA:84,22
DA:85,36
DA:86,36
DA:87,174
DA:88,120
DA:89,36
DA:92,66
DA:93,22
LF:43
LH:43
BRDA:36,0,0,195
BRDA:36,0,1,194
BRDA:36,0,2,194
BRDA:40,1,0,1
BRDA:40,1,1,752
BRDA:40,2,0,753
BRDA:40,2,1,1
BRDA:41,3,0,204
BRDA:41,3,1,548
BRDA:42,4,0,548
BRDA:42,4,1,0
BRDA:49,5,0,515
BRDA:49,5,1,204
BRDA:55,6,0,10
BRDA:55,6,1,60
BRDA:65,7,0,0
BRDA:65,7,1,44
BRDA:71,8,0,1
BRDA:71,8,1,25
BRDA:72,9,0,1
BRDA:72,9,1,23
BRDA:74,10,0,1
BRDA:74,10,1,22
BRDA:79,11,0,34
BRDA:79,11,1,0
BRDA:85,12,0,0
BRDA:85,12,1,36
BRDA:86,13,0,35
BRDA:86,13,1,1
BRDA:87,14,0,1
BRDA:87,14,1,173
BRDA:88,15,0,1
BRDA:88,15,1,119
BRDA:92,16,0,9
BRDA:92,16,1,57
BRF:35
BRH:31
end_of_record
